<?xml version="1.0" encoding="UTF-8"?>
<!-- Generated by org.testng.reporters.JUnitXMLReporter -->
<testsuite hostname="DESKTOP-RK7253J" ignored="0" name="ChromeTest" tests="1" failures="0" timestamp="21 Aug 2019 10:50:34 GMT" time="12.851" errors="0">
  <testcase name="@BeforeMethod Enter_Url" time="12.789" classname="TestNG_RetrivedataFrom_PropertyAndConfig_Files.Login_USERS">
    <failure type="java.lang.NullPointerException" message="null value in entry: url=null">
      <![CDATA[java.lang.NullPointerException: null value in entry: url=null
at com.google.common.collect.CollectPreconditions.checkEntryNotNull(CollectPreconditions.java:32)
at com.google.common.collect.SingletonImmutableBiMap.<init>(SingletonImmutableBiMap.java:42)
at com.google.common.collect.ImmutableBiMap.of(ImmutableBiMap.java:72)
at com.google.common.collect.ImmutableMap.of(ImmutableMap.java:124)
at org.openqa.selenium.remote.RemoteWebDriver.get(RemoteWebDriver.java:277)
at TestNG_RetrivedataFrom_PropertyAndConfig_Files.Login_USERS.Enter_Url(Login_USERS.java:53)
... Removed 28 stack frames]]>
    </failure>
  </testcase> <!-- @BeforeMethod Enter_Url -->
  <testcase name="@AfterMethod Logout" time="0.0" classname="TestNG_RetrivedataFrom_PropertyAndConfig_Files.Login_USERS">
    <skipped/>
  </testcase> <!-- @AfterMethod Logout -->
  <testcase name="Login" time="0.0" classname="TestNG_RetrivedataFrom_PropertyAndConfig_Files.Login_USERS">
    <skipped/>
  </testcase> <!-- Login -->
</testsuite> <!-- ChromeTest -->
