<?xml version="1.0" encoding="UTF-8"?>
<!-- Generated by org.testng.reporters.JUnitXMLReporter -->
<testsuite hostname="DESKTOP-RK7253J" ignored="2" name="TestNG_Parameters_Passing" tests="5" failures="0" timestamp="21 Aug 2019 06:25:41 GMT" time="13.63" errors="0">
  <testcase name="open_browser" time="3.247" classname="TestNG_Parameters.TestNG_Parameters_Passing"/>
  <testcase name="enter_url" time="2.562" classname="TestNG_Parameters.TestNG_Parameters_Passing"/>
  <testcase name="user_Login" time="2.208" classname="TestNG_Parameters.TestNG_Parameters_Passing"/>
  <testcase name="Verify_Logedin_Page" time="5.01" classname="TestNG_Parameters.TestNG_Parameters_Passing"/>
  <testcase name="user_Logout" time="0.56" classname="TestNG_Parameters.TestNG_Parameters_Passing"/>
  <testcase name="close_browser" time="0.0" classname="TestNG_Parameters.TestNG_Parameters_Passing">
    <ignored/>
  </testcase> <!-- close_browser -->
  <testcase name="Verify_LoginPage" time="0.0" classname="TestNG_Parameters.TestNG_Parameters_Passing">
    <ignored/>
  </testcase> <!-- Verify_LoginPage -->
</testsuite> <!-- TestNG_Parameters_Passing -->
